[debug] [2026-02-19T03:41:23.540Z] ----------------------------------------------------------------------
[debug] [2026-02-19T03:41:23.542Z] Command:       C:\nvm4w\nodejs\node.exe C:\nvm4w\nodejs\node_modules\firebase-tools\lib\bin\firebase.js emulators:start --only functions
[debug] [2026-02-19T03:41:23.543Z] CLI Version:   15.6.0
[debug] [2026-02-19T03:41:23.543Z] Platform:      win32
[debug] [2026-02-19T03:41:23.543Z] Node Version:  v20.20.0
[debug] [2026-02-19T03:41:23.543Z] Time:          Thu Feb 19 2026 09:11:23 GMT+0530 (India Standard Time)
[debug] [2026-02-19T03:41:23.543Z] ----------------------------------------------------------------------
[debug] 
[debug] [2026-02-19T03:41:24.833Z] > command requires scopes: ["email","openid","https://www.googleapis.com/auth/cloudplatformprojects.readonly","https://www.googleapis.com/auth/firebase","https://www.googleapis.com/auth/cloud-platform"]
[debug] [2026-02-19T03:41:24.833Z] > authorizing via signed-in user (vipulkumar3254@gmail.com)
[info] i  emulators: Starting emulators: functions {"metadata":{"emulator":{"name":"hub"},"message":"Starting emulators: functions"}}
[debug] [2026-02-19T03:41:24.847Z] [logging] Logging Emulator only supports listening on one address (127.0.0.1). Not listening on ::1
[debug] [2026-02-19T03:41:24.847Z] assigned listening specs for emulators {"user":{"hub":[{"address":"127.0.0.1","family":"IPv4","port":4400},{"address":"::1","family":"IPv6","port":4400}],"ui":[{"address":"127.0.0.1","family":"IPv4","port":4000},{"address":"::1","family":"IPv6","port":4000}],"logging":[{"address":"127.0.0.1","family":"IPv4","port":4500}]},"metadata":{"message":"assigned listening specs for emulators"}}
[debug] [2026-02-19T03:41:24.853Z] Write emulator hub locator at C:\Users\vippa\AppData\Local\Temp\hub-vipulclothing.json
[debug] [2026-02-19T03:41:24.880Z] [functions] Functions Emulator only supports listening on one address (127.0.0.1). Not listening on ::1
[debug] [2026-02-19T03:41:24.880Z] [eventarc] Eventarc Emulator only supports listening on one address (127.0.0.1). Not listening on ::1
[debug] [2026-02-19T03:41:24.880Z] [tasks] Cloud Tasks Emulator only supports listening on one address (127.0.0.1). Not listening on ::1
[debug] [2026-02-19T03:41:24.880Z] late-assigned ports for functions and eventarc emulators {"user":{"hub":[{"address":"127.0.0.1","family":"IPv4","port":4400},{"address":"::1","family":"IPv6","port":4400}],"ui":[{"address":"127.0.0.1","family":"IPv4","port":4000},{"address":"::1","family":"IPv6","port":4000}],"logging":[{"address":"127.0.0.1","family":"IPv4","port":4500}],"functions":[{"address":"127.0.0.1","family":"IPv4","port":5001}],"eventarc":[{"address":"127.0.0.1","family":"IPv4","port":9299}],"tasks":[{"address":"127.0.0.1","family":"IPv4","port":9499}]},"metadata":{"message":"late-assigned ports for functions and eventarc emulators"}}
[warn] !  functions: The following emulators are not running, calls to these services from the Functions emulator will affect production: apphosting, auth, firestore, database, hosting, pubsub, storage, dataconnect {"metadata":{"emulator":{"name":"functions"},"message":"The following emulators are not running, calls to these services from the Functions emulator will affect production: \u001b[1mapphosting, auth, firestore, database, hosting, pubsub, storage, dataconnect\u001b[22m"}}
[debug] [2026-02-19T03:41:25.017Z] defaultcredentials: writing to file C:\Users\vippa\AppData\Roaming\firebase\vipulkumar3254_gmail_com_application_default_credentials.json
[debug] [2026-02-19T03:41:25.019Z] Setting GAC to C:\Users\vippa\AppData\Roaming\firebase\vipulkumar3254_gmail_com_application_default_credentials.json {"metadata":{"emulator":{"name":"functions"},"message":"Setting GAC to C:\\Users\\vippa\\AppData\\Roaming\\firebase\\vipulkumar3254_gmail_com_application_default_credentials.json"}}
[debug] [2026-02-19T03:41:25.020Z] Checked if tokens are valid: true, expires at: 1771475924259
[debug] [2026-02-19T03:41:25.021Z] Checked if tokens are valid: true, expires at: 1771475924259
[debug] [2026-02-19T03:41:25.022Z] >>> [apiv2][query] GET https://firebase.googleapis.com/v1beta1/projects/vipulclothing/adminSdkConfig [none]
[debug] [2026-02-19T03:41:26.629Z] <<< [apiv2][status] GET https://firebase.googleapis.com/v1beta1/projects/vipulclothing/adminSdkConfig 200
[debug] [2026-02-19T03:41:26.629Z] <<< [apiv2][body] GET https://firebase.googleapis.com/v1beta1/projects/vipulclothing/adminSdkConfig {"projectId":"vipulclothing","storageBucket":"vipulclothing.appspot.com","locationId":"us-central"}
[info] i  ui: downloading ui-v1.15.0.zip... {"metadata":{"emulator":{"name":"ui"},"message":"downloading ui-v1.15.0.zip..."}}
[debug] [2026-02-19T03:41:26.696Z] >>> [apiv2][query] GET https://storage.googleapis.com/firebase-preview-drop/emulator/ui-v1.15.0.zip 
[debug] [2026-02-19T03:41:27.474Z] <<< [apiv2][status] GET https://storage.googleapis.com/firebase-preview-drop/emulator/ui-v1.15.0.zip 200
[debug] [2026-02-19T03:41:27.474Z] <<< [apiv2][body] GET https://storage.googleapis.com/firebase-preview-drop/emulator/ui-v1.15.0.zip [stream]
[debug] [2026-02-19T03:41:29.730Z] Data is 3538469
[debug] [2026-02-19T03:41:29.731Z] [unzip] Entry: client/ (compressed_size=0 bytes, uncompressed_size=0 bytes)
[debug] [2026-02-19T03:41:29.731Z] [unzip] Processing entry: client\
[debug] [2026-02-19T03:41:29.731Z] [unzip] mkdir: C:\Users\vippa\.cache\firebase\emulators\ui-v1.15.0\client\
[debug] [2026-02-19T03:41:29.732Z] [unzip] Entry: client/favicon-16x16.png (compressed_size=293 bytes, uncompressed_size=293 bytes)
[debug] [2026-02-19T03:41:29.732Z] [unzip] Processing entry: client\favicon-16x16.png
[debug] [2026-02-19T03:41:29.732Z] [unzip] else mkdir: C:\Users\vippa\.cache\firebase\emulators\ui-v1.15.0\client
[debug] [2026-02-19T03:41:29.733Z] [unzip] Writing file: C:\Users\vippa\.cache\firebase\emulators\ui-v1.15.0\client\favicon-16x16.png
[debug] [2026-02-19T03:41:29.734Z] [unzip] Entry: client/safari-pinned-tab.svg (compressed_size=1433 bytes, uncompressed_size=2611 bytes)
[debug] [2026-02-19T03:41:29.734Z] [unzip] Processing entry: client\safari-pinned-tab.svg
[debug] [2026-02-19T03:41:29.734Z] [unzip] else mkdir: C:\Users\vippa\.cache\firebase\emulators\ui-v1.15.0\client
[debug] [2026-02-19T03:41:29.734Z] [unzip] deflating: C:\Users\vippa\.cache\firebase\emulators\ui-v1.15.0\client\safari-pinned-tab.svg
[debug] [2026-02-19T03:41:29.740Z] [unzip] Entry: client/favicon.ico (compressed_size=2933 bytes, uncompressed_size=13294 bytes)
[debug] [2026-02-19T03:41:29.740Z] [unzip] Processing entry: client\favicon.ico
[debug] [2026-02-19T03:41:29.740Z] [unzip] else mkdir: C:\Users\vippa\.cache\firebase\emulators\ui-v1.15.0\client
[debug] [2026-02-19T03:41:29.741Z] [unzip] deflating: C:\Users\vippa\.cache\firebase\emulators\ui-v1.15.0\client\favicon.ico
[debug] [2026-02-19T03:41:29.743Z] [unzip] Entry: client/index.html (compressed_size=1364 bytes, uncompressed_size=3071 bytes)
[debug] [2026-02-19T03:41:29.743Z] [unzip] Processing entry: client\index.html
[debug] [2026-02-19T03:41:29.743Z] [unzip] else mkdir: C:\Users\vippa\.cache\firebase\emulators\ui-v1.15.0\client
[debug] [2026-02-19T03:41:29.743Z] [unzip] deflating: C:\Users\vippa\.cache\firebase\emulators\ui-v1.15.0\client\index.html
[debug] [2026-02-19T03:41:29.746Z] [unzip] Entry: client/android-chrome-192x192.png (compressed_size=2684 bytes, uncompressed_size=2684 bytes)
[debug] [2026-02-19T03:41:29.747Z] [unzip] Processing entry: client\android-chrome-192x192.png
[debug] [2026-02-19T03:41:29.747Z] [unzip] else mkdir: C:\Users\vippa\.cache\firebase\emulators\ui-v1.15.0\client
[debug] [2026-02-19T03:41:29.747Z] [unzip] Writing file: C:\Users\vippa\.cache\firebase\emulators\ui-v1.15.0\client\android-chrome-192x192.png
[debug] [2026-02-19T03:41:29.748Z] [unzip] Entry: client/apple-touch-icon.png (compressed_size=2123 bytes, uncompressed_size=2152 bytes)
[debug] [2026-02-19T03:41:29.749Z] [unzip] Processing entry: client\apple-touch-icon.png
[debug] [2026-02-19T03:41:29.749Z] [unzip] else mkdir: C:\Users\vippa\.cache\firebase\emulators\ui-v1.15.0\client
[debug] [2026-02-19T03:41:29.758Z] [unzip] deflating: C:\Users\vippa\.cache\firebase\emulators\ui-v1.15.0\client\apple-touch-icon.png
[debug] [2026-02-19T03:41:29.765Z] [unzip] Entry: client/android-chrome-512x512.png (compressed_size=5369 bytes, uncompressed_size=5411 bytes)
[debug] [2026-02-19T03:41:29.765Z] [unzip] Processing entry: client\android-chrome-512x512.png
[debug] [2026-02-19T03:41:29.765Z] [unzip] else mkdir: C:\Users\vippa\.cache\firebase\emulators\ui-v1.15.0\client
[debug] [2026-02-19T03:41:29.766Z] [unzip] deflating: C:\Users\vippa\.cache\firebase\emulators\ui-v1.15.0\client\android-chrome-512x512.png
[debug] [2026-02-19T03:41:29.775Z] [unzip] Entry: client/manifest.json (compressed_size=245 bytes, uncompressed_size=551 bytes)
[debug] [2026-02-19T03:41:29.775Z] [unzip] Processing entry: client\manifest.json
[debug] [2026-02-19T03:41:29.775Z] [unzip] else mkdir: C:\Users\vippa\.cache\firebase\emulators\ui-v1.15.0\client
[debug] [2026-02-19T03:41:29.776Z] [unzip] deflating: C:\Users\vippa\.cache\firebase\emulators\ui-v1.15.0\client\manifest.json
[debug] [2026-02-19T03:41:29.778Z] [unzip] Entry: client/robots.txt (compressed_size=26 bytes, uncompressed_size=26 bytes)
[debug] [2026-02-19T03:41:29.778Z] [unzip] Processing entry: client\robots.txt
[debug] [2026-02-19T03:41:29.778Z] [unzip] else mkdir: C:\Users\vippa\.cache\firebase\emulators\ui-v1.15.0\client
[debug] [2026-02-19T03:41:29.779Z] [unzip] Writing file: C:\Users\vippa\.cache\firebase\emulators\ui-v1.15.0\client\robots.txt
[debug] [2026-02-19T03:41:29.780Z] [unzip] Entry: client/mstile-150x150.png (compressed_size=2034 bytes, uncompressed_size=2034 bytes)
[debug] [2026-02-19T03:41:29.780Z] [unzip] Processing entry: client\mstile-150x150.png
[debug] [2026-02-19T03:41:29.780Z] [unzip] else mkdir: C:\Users\vippa\.cache\firebase\emulators\ui-v1.15.0\client
[debug] [2026-02-19T03:41:29.781Z] [unzip] Writing file: C:\Users\vippa\.cache\firebase\emulators\ui-v1.15.0\client\mstile-150x150.png
[debug] [2026-02-19T03:41:29.782Z] [unzip] Entry: client/assets/ (compressed_size=0 bytes, uncompressed_size=0 bytes)
[debug] [2026-02-19T03:41:29.782Z] [unzip] Processing entry: client\assets\
[debug] [2026-02-19T03:41:29.782Z] [unzip] mkdir: C:\Users\vippa\.cache\firebase\emulators\ui-v1.15.0\client\assets\
[debug] [2026-02-19T03:41:29.783Z] [unzip] Entry: client/assets/index-BX-A56oj.js (compressed_size=582089 bytes, uncompressed_size=2092775 bytes)
[debug] [2026-02-19T03:41:29.783Z] [unzip] Processing entry: client\assets\index-BX-A56oj.js
[debug] [2026-02-19T03:41:29.783Z] [unzip] else mkdir: C:\Users\vippa\.cache\firebase\emulators\ui-v1.15.0\client\assets
[debug] [2026-02-19T03:41:29.784Z] [unzip] deflating: C:\Users\vippa\.cache\firebase\emulators\ui-v1.15.0\client\assets\index-BX-A56oj.js
[debug] [2026-02-19T03:41:29.801Z] [unzip] Entry: client/assets/index-CjB9C900.css (compressed_size=35979 bytes, uncompressed_size=298654 bytes)
[debug] [2026-02-19T03:41:29.801Z] [unzip] Processing entry: client\assets\index-CjB9C900.css
[debug] [2026-02-19T03:41:29.801Z] [unzip] else mkdir: C:\Users\vippa\.cache\firebase\emulators\ui-v1.15.0\client\assets
[debug] [2026-02-19T03:41:29.802Z] [unzip] deflating: C:\Users\vippa\.cache\firebase\emulators\ui-v1.15.0\client\assets\index-CjB9C900.css
[debug] [2026-02-19T03:41:29.806Z] [unzip] Entry: client/assets/index-BX-A56oj.js.map (compressed_size=2362482 bytes, uncompressed_size=10036679 bytes)
[debug] [2026-02-19T03:41:29.806Z] [unzip] Processing entry: client\assets\index-BX-A56oj.js.map
[debug] [2026-02-19T03:41:29.806Z] [unzip] else mkdir: C:\Users\vippa\.cache\firebase\emulators\ui-v1.15.0\client\assets
[debug] [2026-02-19T03:41:29.807Z] [unzip] deflating: C:\Users\vippa\.cache\firebase\emulators\ui-v1.15.0\client\assets\index-BX-A56oj.js.map
[debug] [2026-02-19T03:41:29.862Z] [unzip] Entry: client/assets/extensions/ (compressed_size=0 bytes, uncompressed_size=0 bytes)
[debug] [2026-02-19T03:41:29.863Z] [unzip] Processing entry: client\assets\extensions\
[debug] [2026-02-19T03:41:29.863Z] [unzip] mkdir: C:\Users\vippa\.cache\firebase\emulators\ui-v1.15.0\client\assets\extensions\
[debug] [2026-02-19T03:41:29.863Z] [unzip] Entry: client/assets/extensions/default-extension.png (compressed_size=1646 bytes, uncompressed_size=1657 bytes)
[debug] [2026-02-19T03:41:29.863Z] [unzip] Processing entry: client\assets\extensions\default-extension.png
[debug] [2026-02-19T03:41:29.864Z] [unzip] else mkdir: C:\Users\vippa\.cache\firebase\emulators\ui-v1.15.0\client\assets\extensions
[debug] [2026-02-19T03:41:29.864Z] [unzip] deflating: C:\Users\vippa\.cache\firebase\emulators\ui-v1.15.0\client\assets\extensions\default-extension.png
[debug] [2026-02-19T03:41:29.866Z] [unzip] Entry: client/assets/img/ (compressed_size=0 bytes, uncompressed_size=0 bytes)
[debug] [2026-02-19T03:41:29.866Z] [unzip] Processing entry: client\assets\img\
[debug] [2026-02-19T03:41:29.866Z] [unzip] mkdir: C:\Users\vippa\.cache\firebase\emulators\ui-v1.15.0\client\assets\img\
[debug] [2026-02-19T03:41:29.867Z] [unzip] Entry: client/assets/img/database.png (compressed_size=29449 bytes, uncompressed_size=29988 bytes)
[debug] [2026-02-19T03:41:29.867Z] [unzip] Processing entry: client\assets\img\database.png
[debug] [2026-02-19T03:41:29.867Z] [unzip] else mkdir: C:\Users\vippa\.cache\firebase\emulators\ui-v1.15.0\client\assets\img
[debug] [2026-02-19T03:41:29.868Z] [unzip] deflating: C:\Users\vippa\.cache\firebase\emulators\ui-v1.15.0\client\assets\img\database.png
[debug] [2026-02-19T03:41:29.871Z] [unzip] Entry: client/assets/provider-icons/ (compressed_size=0 bytes, uncompressed_size=0 bytes)
[debug] [2026-02-19T03:41:29.871Z] [unzip] Processing entry: client\assets\provider-icons\
[debug] [2026-02-19T03:41:29.871Z] [unzip] mkdir: C:\Users\vippa\.cache\firebase\emulators\ui-v1.15.0\client\assets\provider-icons\
[debug] [2026-02-19T03:41:29.872Z] [unzip] Entry: client/assets/provider-icons/auth_service_saml.svg (compressed_size=575 bytes, uncompressed_size=1226 bytes)
[debug] [2026-02-19T03:41:29.872Z] [unzip] Processing entry: client\assets\provider-icons\auth_service_saml.svg
[debug] [2026-02-19T03:41:29.872Z] [unzip] else mkdir: C:\Users\vippa\.cache\firebase\emulators\ui-v1.15.0\client\assets\provider-icons
[debug] [2026-02-19T03:41:29.872Z] [unzip] deflating: C:\Users\vippa\.cache\firebase\emulators\ui-v1.15.0\client\assets\provider-icons\auth_service_saml.svg
[debug] [2026-02-19T03:41:29.874Z] [unzip] Entry: client/assets/provider-icons/auth_service_phone.svg (compressed_size=261 bytes, uncompressed_size=414 bytes)
[debug] [2026-02-19T03:41:29.875Z] [unzip] Processing entry: client\assets\provider-icons\auth_service_phone.svg
[debug] [2026-02-19T03:41:29.875Z] [unzip] else mkdir: C:\Users\vippa\.cache\firebase\emulators\ui-v1.15.0\client\assets\provider-icons
[debug] [2026-02-19T03:41:29.876Z] [unzip] deflating: C:\Users\vippa\.cache\firebase\emulators\ui-v1.15.0\client\assets\provider-icons\auth_service_phone.svg
[debug] [2026-02-19T03:41:29.877Z] [unzip] Entry: client/assets/provider-icons/auth_service_facebook.svg (compressed_size=289 bytes, uncompressed_size=457 bytes)
[debug] [2026-02-19T03:41:29.879Z] [unzip] Processing entry: client\assets\provider-icons\auth_service_facebook.svg
[debug] [2026-02-19T03:41:29.880Z] [unzip] else mkdir: C:\Users\vippa\.cache\firebase\emulators\ui-v1.15.0\client\assets\provider-icons
[debug] [2026-02-19T03:41:29.881Z] [unzip] deflating: C:\Users\vippa\.cache\firebase\emulators\ui-v1.15.0\client\assets\provider-icons\auth_service_facebook.svg
[debug] [2026-02-19T03:41:29.884Z] [unzip] Entry: client/assets/provider-icons/auth_service_game_center.svg (compressed_size=991 bytes, uncompressed_size=3921 bytes)
[debug] [2026-02-19T03:41:29.885Z] [unzip] Processing entry: client\assets\provider-icons\auth_service_game_center.svg
[debug] [2026-02-19T03:41:29.885Z] [unzip] else mkdir: C:\Users\vippa\.cache\firebase\emulators\ui-v1.15.0\client\assets\provider-icons
[debug] [2026-02-19T03:41:29.885Z] [unzip] deflating: C:\Users\vippa\.cache\firebase\emulators\ui-v1.15.0\client\assets\provider-icons\auth_service_game_center.svg
[debug] [2026-02-19T03:41:29.887Z] [unzip] Entry: client/assets/provider-icons/auth_service_apple.svg (compressed_size=230 bytes, uncompressed_size=334 bytes)
[debug] [2026-02-19T03:41:29.888Z] [unzip] Processing entry: client\assets\provider-icons\auth_service_apple.svg
[debug] [2026-02-19T03:41:29.888Z] [unzip] else mkdir: C:\Users\vippa\.cache\firebase\emulators\ui-v1.15.0\client\assets\provider-icons
[debug] [2026-02-19T03:41:29.888Z] [unzip] deflating: C:\Users\vippa\.cache\firebase\emulators\ui-v1.15.0\client\assets\provider-icons\auth_service_apple.svg
[debug] [2026-02-19T03:41:29.891Z] [unzip] Entry: client/assets/provider-icons/auth_service_github.svg (compressed_size=466 bytes, uncompressed_size=838 bytes)
[debug] [2026-02-19T03:41:29.891Z] [unzip] Processing entry: client\assets\provider-icons\auth_service_github.svg
[debug] [2026-02-19T03:41:29.891Z] [unzip] else mkdir: C:\Users\vippa\.cache\firebase\emulators\ui-v1.15.0\client\assets\provider-icons
[debug] [2026-02-19T03:41:29.893Z] [unzip] deflating: C:\Users\vippa\.cache\firebase\emulators\ui-v1.15.0\client\assets\provider-icons\auth_service_github.svg
[debug] [2026-02-19T03:41:29.913Z] [unzip] Entry: client/assets/provider-icons/auth_service_mslive.svg (compressed_size=203 bytes, uncompressed_size=378 bytes)
[debug] [2026-02-19T03:41:29.913Z] [unzip] Processing entry: client\assets\provider-icons\auth_service_mslive.svg
[debug] [2026-02-19T03:41:29.913Z] [unzip] else mkdir: C:\Users\vippa\.cache\firebase\emulators\ui-v1.15.0\client\assets\provider-icons
[debug] [2026-02-19T03:41:29.914Z] [unzip] deflating: C:\Users\vippa\.cache\firebase\emulators\ui-v1.15.0\client\assets\provider-icons\auth_service_mslive.svg
[debug] [2026-02-19T03:41:29.916Z] [unzip] Entry: client/assets/provider-icons/auth_service_yahoo.svg (compressed_size=577 bytes, uncompressed_size=1182 bytes)
[debug] [2026-02-19T03:41:29.916Z] [unzip] Processing entry: client\assets\provider-icons\auth_service_yahoo.svg
[debug] [2026-02-19T03:41:29.916Z] [unzip] else mkdir: C:\Users\vippa\.cache\firebase\emulators\ui-v1.15.0\client\assets\provider-icons
[debug] [2026-02-19T03:41:29.917Z] [unzip] deflating: C:\Users\vippa\.cache\firebase\emulators\ui-v1.15.0\client\assets\provider-icons\auth_service_yahoo.svg
[debug] [2026-02-19T03:41:29.918Z] [unzip] Entry: client/assets/provider-icons/auth_service_twitter.svg (compressed_size=444 bytes, uncompressed_size=751 bytes)
[debug] [2026-02-19T03:41:29.918Z] [unzip] Processing entry: client\assets\provider-icons\auth_service_twitter.svg
[debug] [2026-02-19T03:41:29.918Z] [unzip] else mkdir: C:\Users\vippa\.cache\firebase\emulators\ui-v1.15.0\client\assets\provider-icons
[debug] [2026-02-19T03:41:29.919Z] [unzip] deflating: C:\Users\vippa\.cache\firebase\emulators\ui-v1.15.0\client\assets\provider-icons\auth_service_twitter.svg
[debug] [2026-02-19T03:41:29.921Z] [unzip] Entry: client/assets/provider-icons/auth_service_play_games.svg (compressed_size=565 bytes, uncompressed_size=1173 bytes)
[debug] [2026-02-19T03:41:29.922Z] [unzip] Processing entry: client\assets\provider-icons\auth_service_play_games.svg
[debug] [2026-02-19T03:41:29.922Z] [unzip] else mkdir: C:\Users\vippa\.cache\firebase\emulators\ui-v1.15.0\client\assets\provider-icons
[debug] [2026-02-19T03:41:29.922Z] [unzip] deflating: C:\Users\vippa\.cache\firebase\emulators\ui-v1.15.0\client\assets\provider-icons\auth_service_play_games.svg
[debug] [2026-02-19T03:41:29.924Z] [unzip] Entry: client/assets/provider-icons/auth_service_email.svg (compressed_size=228 bytes, uncompressed_size=326 bytes)
[debug] [2026-02-19T03:41:29.924Z] [unzip] Processing entry: client\assets\provider-icons\auth_service_email.svg
[debug] [2026-02-19T03:41:29.924Z] [unzip] else mkdir: C:\Users\vippa\.cache\firebase\emulators\ui-v1.15.0\client\assets\provider-icons
[debug] [2026-02-19T03:41:29.925Z] [unzip] deflating: C:\Users\vippa\.cache\firebase\emulators\ui-v1.15.0\client\assets\provider-icons\auth_service_email.svg
[debug] [2026-02-19T03:41:29.927Z] [unzip] Entry: client/assets/provider-icons/auth_service_google.svg (compressed_size=409 bytes, uncompressed_size=720 bytes)
[debug] [2026-02-19T03:41:29.927Z] [unzip] Processing entry: client\assets\provider-icons\auth_service_google.svg
[debug] [2026-02-19T03:41:29.928Z] [unzip] else mkdir: C:\Users\vippa\.cache\firebase\emulators\ui-v1.15.0\client\assets\provider-icons
[debug] [2026-02-19T03:41:29.928Z] [unzip] deflating: C:\Users\vippa\.cache\firebase\emulators\ui-v1.15.0\client\assets\provider-icons\auth_service_google.svg
[debug] [2026-02-19T03:41:29.930Z] [unzip] Entry: client/assets/provider-icons/auth_service_oidc.svg (compressed_size=414 bytes, uncompressed_size=858 bytes)
[debug] [2026-02-19T03:41:29.930Z] [unzip] Processing entry: client\assets\provider-icons\auth_service_oidc.svg
[debug] [2026-02-19T03:41:29.930Z] [unzip] else mkdir: C:\Users\vippa\.cache\firebase\emulators\ui-v1.15.0\client\assets\provider-icons
[debug] [2026-02-19T03:41:29.930Z] [unzip] deflating: C:\Users\vippa\.cache\firebase\emulators\ui-v1.15.0\client\assets\provider-icons\auth_service_oidc.svg
[debug] [2026-02-19T03:41:29.937Z] [unzip] Entry: client/browserconfig.xml (compressed_size=491 bytes, uncompressed_size=822 bytes)
[debug] [2026-02-19T03:41:29.937Z] [unzip] Processing entry: client\browserconfig.xml
[debug] [2026-02-19T03:41:29.937Z] [unzip] else mkdir: C:\Users\vippa\.cache\firebase\emulators\ui-v1.15.0\client
[debug] [2026-02-19T03:41:29.938Z] [unzip] deflating: C:\Users\vippa\.cache\firebase\emulators\ui-v1.15.0\client\browserconfig.xml
[debug] [2026-02-19T03:41:29.942Z] [unzip] Entry: client/favicon-32x32.png (compressed_size=475 bytes, uncompressed_size=475 bytes)
[debug] [2026-02-19T03:41:29.942Z] [unzip] Processing entry: client\favicon-32x32.png
[debug] [2026-02-19T03:41:29.942Z] [unzip] else mkdir: C:\Users\vippa\.cache\firebase\emulators\ui-v1.15.0\client
[debug] [2026-02-19T03:41:29.943Z] [unzip] Writing file: C:\Users\vippa\.cache\firebase\emulators\ui-v1.15.0\client\favicon-32x32.png
[debug] [2026-02-19T03:41:29.962Z] [unzip] Entry: server/ (compressed_size=0 bytes, uncompressed_size=0 bytes)
[debug] [2026-02-19T03:41:29.962Z] [unzip] Processing entry: server\
[debug] [2026-02-19T03:41:29.962Z] [unzip] mkdir: C:\Users\vippa\.cache\firebase\emulators\ui-v1.15.0\server\
[debug] [2026-02-19T03:41:29.963Z] [unzip] Entry: server/server.mjs.map (compressed_size=217845 bytes, uncompressed_size=944978 bytes)
[debug] [2026-02-19T03:41:29.964Z] [unzip] Processing entry: server\server.mjs.map
[debug] [2026-02-19T03:41:29.964Z] [unzip] else mkdir: C:\Users\vippa\.cache\firebase\emulators\ui-v1.15.0\server
[debug] [2026-02-19T03:41:29.964Z] [unzip] deflating: C:\Users\vippa\.cache\firebase\emulators\ui-v1.15.0\server\server.mjs.map
[debug] [2026-02-19T03:41:29.989Z] [unzip] Entry: server/server.mjs (compressed_size=276407 bytes, uncompressed_size=933701 bytes)
[debug] [2026-02-19T03:41:29.989Z] [unzip] Processing entry: server\server.mjs
[debug] [2026-02-19T03:41:29.989Z] [unzip] else mkdir: C:\Users\vippa\.cache\firebase\emulators\ui-v1.15.0\server
[debug] [2026-02-19T03:41:29.990Z] [unzip] deflating: C:\Users\vippa\.cache\firebase\emulators\ui-v1.15.0\server\server.mjs
[info] i  functions: Watching "E:\duesapp\functions" for Cloud Functions... {"metadata":{"emulator":{"name":"functions"},"message":"Watching \"E:\\duesapp\\functions\" for Cloud Functions..."}}
[debug] [2026-02-19T03:41:30.013Z] Validating nodejs source
[debug] [2026-02-19T03:41:31.287Z] > [functions] package.json contents: {
  "name": "functions",
  "description": "Cloud Functions for Firebase",
  "scripts": {
    "lint": "eslint .",
    "serve": "firebase emulators:start --only functions",
    "shell": "firebase functions:shell",
    "start": "npm run shell",
    "deploy": "firebase deploy --only functions",
    "logs": "firebase functions:log"
  },
  "engines": {
    "node": "24"
  },
  "main": "index.js",
  "dependencies": {
    "firebase-admin": "^13.6.0",
    "firebase-functions": "^7.0.0"
  },
  "devDependencies": {
    "eslint": "^8.15.0",
    "eslint-config-google": "^0.14.0",
    "firebase-functions-test": "^3.4.1"
  },
  "private": true
}
[debug] [2026-02-19T03:41:31.288Z] Building nodejs source
[debug] [2026-02-19T03:41:31.288Z] Failed to find version of module node: reached end of search path E:\duesapp\functions\node_modules
[warn] !  functions: Your requested "node" version "24" doesn't match your global version "20". Using node@20 from host. 
[debug] [2026-02-19T03:41:31.291Z] Could not find functions.yaml. Must use http discovery
[debug] [2026-02-19T03:41:31.299Z] Found firebase-functions binary at 'E:\duesapp\functions\node_modules\.bin\firebase-functions'
[info] Serving at port 8580

[debug] [2026-02-19T03:41:39.932Z] Got response from /__/functions.yaml {"endpoints":{"addDue":{"availableMemoryMb":null,"timeoutSeconds":null,"minInstances":null,"maxInstances":null,"ingressSettings":null,"concurrency":null,"serviceAccountEmail":null,"vpc":null,"platform":"gcfv2","labels":{},"callableTrigger":{},"entryPoint":"addDue"},"getTotalOutstanding":{"availableMemoryMb":null,"timeoutSeconds":null,"minInstances":null,"maxInstances":null,"ingressSettings":null,"concurrency":null,"serviceAccountEmail":null,"vpc":null,"platform":"gcfv2","labels":{},"callableTrigger":{},"entryPoint":"getTotalOutstanding"},"getTotalOverdue":{"availableMemoryMb":null,"timeoutSeconds":null,"minInstances":null,"maxInstances":null,"ingressSettings":null,"concurrency":null,"serviceAccountEmail":null,"vpc":null,"platform":"gcfv2","labels":{},"callableTrigger":{},"entryPoint":"getTotalOverdue"}},"specVersion":"v1alpha1","requiredAPIs":[],"extensions":{}}
[info] +  functions: Loaded functions definitions from source: addDue, getTotalOutstanding, getTotalOverdue. {"metadata":{"emulator":{"name":"functions"},"message":"Loaded functions definitions from source: addDue, getTotalOutstanding, getTotalOverdue."}}
[info] +  functions[us-central1-addDue]: http function initialized (http://127.0.0.1:5001/vipulclothing/us-central1/addDue). {"metadata":{"emulator":{"name":"functions"},"message":"\u001b[1mhttp\u001b[22m function initialized (http://127.0.0.1:5001/vipulclothing/us-central1/addDue)."}}
[info] +  functions[us-central1-getTotalOutstanding]: http function initialized (http://127.0.0.1:5001/vipulclothing/us-central1/getTotalOutstanding). {"metadata":{"emulator":{"name":"functions"},"message":"\u001b[1mhttp\u001b[22m function initialized (http://127.0.0.1:5001/vipulclothing/us-central1/getTotalOutstanding)."}}
[info] +  functions[us-central1-getTotalOverdue]: http function initialized (http://127.0.0.1:5001/vipulclothing/us-central1/getTotalOverdue). {"metadata":{"emulator":{"name":"functions"},"message":"\u001b[1mhttp\u001b[22m function initialized (http://127.0.0.1:5001/vipulclothing/us-central1/getTotalOverdue)."}}
[debug] [2026-02-19T03:41:43.977Z] Could not find VSCode notification endpoint: FetchError: request to http://localhost:40001/vscode/notify failed, reason: . If you are not running the Firebase Data Connect VSCode extension, this is expected and not an issue.
[info] 
┌─────────────────────────────────────────────────────────────┐
│ ✔  All emulators ready! It is now safe to connect your app. │
│ i  View Emulator UI at http://127.0.0.1:4000/               │
└─────────────────────────────────────────────────────────────┘

┌───────────┬────────────────┬─────────────────────────────────┐
│ Emulator  │ Host:Port      │ View in Emulator UI             │
├───────────┼────────────────┼─────────────────────────────────┤
│ Functions │ 127.0.0.1:5001 │ http://127.0.0.1:4000/functions │
└───────────┴────────────────┴─────────────────────────────────┘
  Emulator Hub host: 127.0.0.1 port: 4400
  Other reserved ports: 4500

Issues? Report them at https://github.com/firebase/firebase-tools/issues and attach the *-debug.log files.
 
[debug] [2026-02-19T07:27:22.929Z] [work-queue] {"queuedWork":["/vipulclothing/us-central1/getTotalOverdue-2026-02-19T07:27:22.915Z"],"queueLength":1,"runningWork":[],"workRunningCount":0}
[debug] [2026-02-19T07:27:22.960Z] [work-queue] {"queuedWork":[],"queueLength":0,"runningWork":["/vipulclothing/us-central1/getTotalOverdue-2026-02-19T07:27:22.915Z"],"workRunningCount":1}
[debug] [2026-02-19T07:27:22.968Z] Accepted request GET /vipulclothing/us-central1/getTotalOverdue --> us-central1-getTotalOverdue
[debug] [2026-02-19T07:27:22.998Z] [functions] Runtime ready! Sending request! {"metadata":{"emulator":{"name":"functions"},"message":"[functions] Runtime ready! Sending request!"}}
[debug] [2026-02-19T07:27:23.006Z] [functions] Got req.url=/vipulclothing/us-central1/getTotalOverdue, mapping to path=/ {"metadata":{"emulator":{"name":"functions"},"message":"[functions] Got req.url=/vipulclothing/us-central1/getTotalOverdue, mapping to path=/"}}
[debug] [2026-02-19T07:27:23.097Z] [worker-pool] addWorker(us-central1-getTotalOverdue) {"metadata":{"emulator":{"name":"functions"},"message":"[worker-pool] addWorker(us-central1-getTotalOverdue)"}}
[debug] [2026-02-19T07:27:23.102Z] [worker-pool] Adding worker with key us-central1-getTotalOverdue, total=1 {"metadata":{"emulator":{"name":"functions"},"message":"[worker-pool] Adding worker with key us-central1-getTotalOverdue, total=1"}}
[debug] [2026-02-19T07:27:47.190Z] [runtime-status] [1488] Resolved module firebase-admin {"declared":true,"installed":true,"version":"13.6.1","resolution":"E:\\duesapp\\functions\\node_modules\\firebase-admin\\lib\\index.js"} {"metadata":{"emulator":{"name":"functions"},"function":{"name":"us-central1-getTotalOverdue"},"extension":{},"message":"[runtime-status] [1488] Resolved module firebase-admin {\"declared\":true,\"installed\":true,\"version\":\"13.6.1\",\"resolution\":\"E:\\\\duesapp\\\\functions\\\\node_modules\\\\firebase-admin\\\\lib\\\\index.js\"}"}}
[debug] [2026-02-19T07:27:47.203Z] [runtime-status] [1488] Resolved module firebase-functions {"declared":true,"installed":true,"version":"7.0.5","resolution":"E:\\duesapp\\functions\\node_modules\\firebase-functions\\lib\\v2\\index.js"} {"metadata":{"emulator":{"name":"functions"},"function":{"name":"us-central1-getTotalOverdue"},"extension":{},"message":"[runtime-status] [1488] Resolved module firebase-functions {\"declared\":true,\"installed\":true,\"version\":\"7.0.5\",\"resolution\":\"E:\\\\duesapp\\\\functions\\\\node_modules\\\\firebase-functions\\\\lib\\\\v2\\\\index.js\"}"}}
[debug] [2026-02-19T07:27:47.203Z] [runtime-status] [1488] Outgoing network have been stubbed. [{"name":"http","status":"mocked"},{"name":"http","status":"mocked"},{"name":"https","status":"mocked"},{"name":"https","status":"mocked"},{"name":"net","status":"mocked"}] {"metadata":{"emulator":{"name":"functions"},"function":{"name":"us-central1-getTotalOverdue"},"extension":{},"message":"[runtime-status] [1488] Outgoing network have been stubbed. [{\"name\":\"http\",\"status\":\"mocked\"},{\"name\":\"http\",\"status\":\"mocked\"},{\"name\":\"https\",\"status\":\"mocked\"},{\"name\":\"https\",\"status\":\"mocked\"},{\"name\":\"net\",\"status\":\"mocked\"}]"}}
[debug] [2026-02-19T07:27:47.204Z] [runtime-status] [1488] Resolved module firebase-functions {"declared":true,"installed":true,"version":"7.0.5","resolution":"E:\\duesapp\\functions\\node_modules\\firebase-functions\\lib\\v2\\index.js"} {"metadata":{"emulator":{"name":"functions"},"function":{"name":"us-central1-getTotalOverdue"},"extension":{},"message":"[runtime-status] [1488] Resolved module firebase-functions {\"declared\":true,\"installed\":true,\"version\":\"7.0.5\",\"resolution\":\"E:\\\\duesapp\\\\functions\\\\node_modules\\\\firebase-functions\\\\lib\\\\v2\\\\index.js\"}"}}
[debug] [2026-02-19T07:27:47.204Z] [runtime-status] [1488] Detected firebase-functions v7+, skipping legacy stubs. {"metadata":{"emulator":{"name":"functions"},"function":{"name":"us-central1-getTotalOverdue"},"extension":{},"message":"[runtime-status] [1488] Detected firebase-functions v7+, skipping legacy stubs."}}
[debug] [2026-02-19T07:27:47.205Z] [runtime-status] [1488] Resolved module firebase-admin {"declared":true,"installed":true,"version":"13.6.1","resolution":"E:\\duesapp\\functions\\node_modules\\firebase-admin\\lib\\index.js"} {"metadata":{"emulator":{"name":"functions"},"function":{"name":"us-central1-getTotalOverdue"},"extension":{},"message":"[runtime-status] [1488] Resolved module firebase-admin {\"declared\":true,\"installed\":true,\"version\":\"13.6.1\",\"resolution\":\"E:\\\\duesapp\\\\functions\\\\node_modules\\\\firebase-admin\\\\lib\\\\index.js\"}"}}
[debug] [2026-02-19T07:27:48.406Z] [runtime-status] [1488] Resolved module firebase-functions {"declared":true,"installed":true,"version":"7.0.5","resolution":"E:\\duesapp\\functions\\node_modules\\firebase-functions\\lib\\v2\\index.js"} {"metadata":{"emulator":{"name":"functions"},"function":{"name":"us-central1-getTotalOverdue"},"extension":{},"message":"[runtime-status] [1488] Resolved module firebase-functions {\"declared\":true,\"installed\":true,\"version\":\"7.0.5\",\"resolution\":\"E:\\\\duesapp\\\\functions\\\\node_modules\\\\firebase-functions\\\\lib\\\\v2\\\\index.js\"}"}}
[error] !!  functions: Failed to handle request for function us-central1-getTotalOverdue {"metadata":{"emulator":{"name":"functions"},"message":"Failed to handle request for function us-central1-getTotalOverdue"}}
[error] !!  functions: Failed to start functions in E:\duesapp\functions: FirebaseError: Failed to load function. {"metadata":{"emulator":{"name":"functions"},"message":"Failed to start functions in E:\\duesapp\\functions: FirebaseError: Failed to load function."}}
[debug] [2026-02-19T07:27:53.178Z] [work-queue] {"queuedWork":[],"queueLength":0,"runningWork":[],"workRunningCount":0}
[debug] [2026-02-19T07:27:54.483Z] [runtime-status] [1488] firebase-admin has been stubbed. {"adminResolution":{"declared":true,"installed":true,"version":"13.6.1","resolution":"E:\\duesapp\\functions\\node_modules\\firebase-admin\\lib\\index.js"}} {"metadata":{"emulator":{"name":"functions"},"function":{"name":"us-central1-getTotalOverdue"},"extension":{},"message":"[runtime-status] [1488] firebase-admin has been stubbed. {\"adminResolution\":{\"declared\":true,\"installed\":true,\"version\":\"13.6.1\",\"resolution\":\"E:\\\\duesapp\\\\functions\\\\node_modules\\\\firebase-admin\\\\lib\\\\index.js\"}}"}}
[debug] [2026-02-19T07:27:54.516Z] [runtime-status] [1488] Functions runtime initialized. {"cwd":"E:\\duesapp\\functions","node_version":"20.20.0"} {"metadata":{"emulator":{"name":"functions"},"function":{"name":"us-central1-getTotalOverdue"},"extension":{},"message":"[runtime-status] [1488] Functions runtime initialized. {\"cwd\":\"E:\\\\duesapp\\\\functions\",\"node_version\":\"20.20.0\"}"}}
[debug] [2026-02-19T07:27:54.517Z] [runtime-status] [1488] Listening to port: \\?\pipe\fire_emu_44eb8a9fd258504e {"metadata":{"emulator":{"name":"functions"},"function":{"name":"us-central1-getTotalOverdue"},"extension":{},"message":"[runtime-status] [1488] Listening to port: \\\\?\\pipe\\fire_emu_44eb8a9fd258504e"}}
